<?xml version="1.0" encoding="UTF-8"?>
<!-- Generated by org.testng.reporters.JUnitReportReporter -->
<testsuite hostname="DESKTOP-GB9HLB2" failures="0" tests="1" name="testNG_HardAsserts.AssertNotNull_Study" time="0.020" errors="0" timestamp="2023-01-02T15:10:19 IST" skipped="0">
  <testcase classname="testNG_HardAsserts.AssertNotNull_Study" name="TC" time="0.020"/>
  <system-out/>
</testsuite> <!-- testNG_HardAsserts.AssertNotNull_Study -->
