<?xml version="1.0" encoding="UTF-8"?>
<!-- Generated by org.testng.reporters.JUnitReportReporter -->
<testsuite hostname="DESKTOP-GB9HLB2" failures="0" tests="1" name="testNG_Exexution.ParallelExexution" time="38.850" errors="0" timestamp="2023-01-08T18:34:39 IST" skipped="0">
  <testcase classname="testNG_Exexution.ParallelExexution" name="googleLogin" time="38.850"/>
  <system-out>
    <![CDATA[google Launching]]>
  </system-out>
</testsuite> <!-- testNG_Exexution.ParallelExexution -->
