<?xml version="1.0" encoding="UTF-8"?>
<!-- Generated by org.testng.reporters.JUnitReportReporter -->
<testsuite hostname="DESKTOP-GB9HLB2" failures="0" tests="5" name="testNG_Keywords.invocationCount" time="0.032" errors="0" timestamp="2022-12-26T14:49:42 IST" skipped="0">
  <testcase classname="testNG_Keywords.invocationCount" name="Testcase" time="0.000"/>
  <system-out>
    <![CDATA[TestCase Execute]]>
  </system-out>
  <testcase classname="testNG_Keywords.invocationCount" name="Testcase" time="0.016"/>
  <system-out>
    <![CDATA[TestCase Execute]]>
  </system-out>
  <testcase classname="testNG_Keywords.invocationCount" name="Testcase" time="0.000"/>
  <system-out>
    <![CDATA[TestCase Execute]]>
  </system-out>
  <testcase classname="testNG_Keywords.invocationCount" name="Testcase" time="0.016"/>
  <system-out>
    <![CDATA[TestCase Execute]]>
  </system-out>
  <testcase classname="testNG_Keywords.invocationCount" name="Testcase" time="0.000"/>
  <system-out>
    <![CDATA[TestCase Execute]]>
  </system-out>
</testsuite> <!-- testNG_Keywords.invocationCount -->
