<?xml version="1.0" encoding="UTF-8"?>
<!-- Generated by org.testng.reporters.JUnitReportReporter -->
<testsuite hostname="DESKTOP-GB9HLB2" failures="0" tests="1" name="testNG.NormalClass" time="82.984" errors="0" timestamp="2022-12-24T13:31:17 IST" skipped="0">
  <testcase classname="testNG.NormalClass" name="f" time="82.984"/>
  <system-out/>
</testsuite> <!-- testNG.NormalClass -->
