<?xml version="1.0" encoding="UTF-8"?>
<!-- Generated by org.testng.reporters.JUnitReportReporter -->
<testsuite hostname="DESKTOP-GB9HLB2" failures="0" tests="5" name="testNG_XML_Study.NeoStox_1" time="0.018" errors="0" timestamp="2023-01-11T12:43:14 IST" skipped="0">
  <testcase classname="testNG_XML_Study.NeoStox_1" name="D" time="0.004"/>
  <system-out>
    <![CDATA[D is running]]>
  </system-out>
  <testcase classname="testNG_XML_Study.NeoStox_1" name="C" time="0.001"/>
  <system-out>
    <![CDATA[C is running]]>
  </system-out>
  <testcase classname="testNG_XML_Study.NeoStox_1" name="E" time="0.001"/>
  <system-out>
    <![CDATA[E is running]]>
  </system-out>
  <testcase classname="testNG_XML_Study.NeoStox_1" name="B" time="0.007"/>
  <system-out>
    <![CDATA[B is running]]>
  </system-out>
  <testcase classname="testNG_XML_Study.NeoStox_1" name="A" time="0.005"/>
  <system-out>
    <![CDATA[A is running]]>
  </system-out>
</testsuite> <!-- testNG_XML_Study.NeoStox_1 -->
