<?xml version="1.0" encoding="UTF-8"?>
<!-- Generated by org.testng.reporters.JUnitReportReporter -->
<testsuite hostname="DESKTOP-GB9HLB2" failures="0" tests="1" name="neoStox_TEST.testing" time="41.022" errors="0" timestamp="2023-01-17T18:15:55 IST" skipped="0">
  <testcase classname="neoStox_TEST.testing" name="f" time="41.022"/>
  <system-out/>
</testsuite> <!-- neoStox_TEST.testing -->
