<?xml version="1.0" encoding="UTF-8"?>
<!-- Generated by org.testng.reporters.JUnitReportReporter -->
<testsuite hostname="DESKTOP-GB9HLB2" failures="0" tests="4" name="testNG_Keywords.enabled" time="0.032" errors="0" timestamp="2022-12-26T15:19:43 IST" skipped="1">
  <testcase classname="testNG_Keywords.enabled" name="c" time="0.000"/>
  <system-out>
    <![CDATA[TC c is running ]]>
  </system-out>
  <testcase classname="testNG_Keywords.enabled" name="d" time="0.000"/>
  <system-out>
    <![CDATA[TC d is running ]]>
  </system-out>
  <testcase classname="testNG_Keywords.enabled" name="a" time="0.032"/>
  <system-out>
    <![CDATA[TC a is running ]]>
  </system-out>
  <testcase classname="testNG_Keywords.enabled" name="b">
    <skipped/>
  </testcase> <!-- b -->
  <system-out/>
</testsuite> <!-- testNG_Keywords.enabled -->
