<?xml version="1.0" encoding="UTF-8"?>
<!-- Generated by org.testng.reporters.JUnitReportReporter -->
<testsuite hostname="DESKTOP-GB9HLB2" failures="0" tests="4" name="testNG_XML_Study.NeoStox_2" time="0.030" errors="0" timestamp="2023-01-11T12:43:14 IST" skipped="0">
  <testcase classname="testNG_XML_Study.NeoStox_2" name="I" time="0.004"/>
  <system-out>
    <![CDATA[I is running]]>
  </system-out>
  <testcase classname="testNG_XML_Study.NeoStox_2" name="F" time="0.018"/>
  <system-out>
    <![CDATA[F is running]]>
  </system-out>
  <testcase classname="testNG_XML_Study.NeoStox_2" name="G" time="0.003"/>
  <system-out>
    <![CDATA[G is running]]>
  </system-out>
  <testcase classname="testNG_XML_Study.NeoStox_2" name="H" time="0.005"/>
  <system-out>
    <![CDATA[H is running]]>
  </system-out>
</testsuite> <!-- testNG_XML_Study.NeoStox_2 -->
