<?xml version="1.0" encoding="UTF-8"?>
<!-- Generated by org.testng.reporters.JUnitReportReporter -->
<testsuite hostname="DESKTOP-GB9HLB2" failures="0" tests="2" name="testNG_XML2_GroupStudy.Neostox_1" time="0.009" errors="0" timestamp="2023-01-11T12:53:59 IST" skipped="0">
  <testcase classname="testNG_XML2_GroupStudy.Neostox_1" name="TC2" time="0.005"/>
  <system-out>
    <![CDATA[TC2 is running]]>
  </system-out>
  <testcase classname="testNG_XML2_GroupStudy.Neostox_1" name="TC6" time="0.004"/>
  <system-out>
    <![CDATA[TC6 is running]]>
  </system-out>
</testsuite> <!-- testNG_XML2_GroupStudy.Neostox_1 -->
