<?xml version="1.0" encoding="UTF-8"?>
<!-- Generated by org.testng.reporters.JUnitReportReporter -->
<testsuite hostname="DESKTOP-GB9HLB2" failures="0" tests="2" name="testNG_XML2_GroupStudy.Neostox_3" time="0.005" errors="0" timestamp="2023-01-11T12:53:59 IST" skipped="0">
  <testcase classname="testNG_XML2_GroupStudy.Neostox_3" name="TC18" time="0.003"/>
  <system-out>
    <![CDATA[TC18 is running]]>
  </system-out>
  <testcase classname="testNG_XML2_GroupStudy.Neostox_3" name="TC15" time="0.002"/>
  <system-out>
    <![CDATA[TC15 is running]]>
  </system-out>
</testsuite> <!-- testNG_XML2_GroupStudy.Neostox_3 -->
