<?xml version="1.0" encoding="UTF-8"?>
<!-- Generated by org.testng.reporters.JUnitReportReporter -->
<testsuite hostname="DESKTOP-GB9HLB2" failures="0" tests="1" name="neoStox_TEST.validateNeoStoxUserName" time="53.946" errors="0" timestamp="2023-02-03T15:53:59 IST" skipped="0">
  <testcase classname="neoStox_TEST.validateNeoStoxUserName" name="validateUserName" time="53.946"/>
  <system-out>
    <![CDATA[Reading data from excel row is0cell is2
Get Neostox Username
takig ScreenShot]]>
  </system-out>
</testsuite> <!-- neoStox_TEST.validateNeoStoxUserName -->
