<?xml version="1.0" encoding="UTF-8"?>
<!-- Generated by org.testng.reporters.JUnitReportReporter -->
<testsuite hostname="DESKTOP-GB9HLB2" failures="0" tests="1" name="testNG.Example1" time="32.357" errors="0" timestamp="2023-01-11T12:28:12 IST" skipped="0">
  <testcase classname="testNG.Example1" name="f" time="32.357"/>
  <system-out>
    <![CDATA[Hiii this is reporter
hiiii this is reporter]]>
  </system-out>
</testsuite> <!-- testNG.Example1 -->
