<?xml version="1.0" encoding="UTF-8"?>
<!-- Generated by org.testng.reporters.JUnitReportReporter -->
<testsuite hostname="DESKTOP-GB9HLB2" failures="0" tests="1" name="testNG_HardAsserts.AssertFalse_Study" time="0.021" errors="0" timestamp="2023-01-02T15:04:15 IST" skipped="0">
  <testcase classname="testNG_HardAsserts.AssertFalse_Study" name="TC" time="0.021"/>
  <system-out/>
</testsuite> <!-- testNG_HardAsserts.AssertFalse_Study -->
