<?xml version="1.0" encoding="UTF-8"?>
<!-- Generated by org.testng.reporters.JUnitReportReporter -->
<testsuite hostname="DESKTOP-GB9HLB2" failures="0" tests="1" name="testNG.testNG_Annotation" time="0.016" errors="0" timestamp="2022-12-26T14:22:39 IST" skipped="0">
  <testcase classname="testNG.testNG_Annotation" name="validateusername" time="0.016"/>
  <system-out>
    <![CDATA[get user name]]>
  </system-out>
</testsuite> <!-- testNG.testNG_Annotation -->
