<?xml version="1.0" encoding="UTF-8"?>
<!-- Generated by org.testng.reporters.JUnitReportReporter -->
<testsuite hostname="DESKTOP-GB9HLB2" failures="0" tests="1" name="testNG_HardAsserts.AssertEquals_Study" time="0.017" errors="0" timestamp="2023-01-02T14:52:04 IST" skipped="0">
  <testcase classname="testNG_HardAsserts.AssertEquals_Study" name="TestCase1" time="0.017"/>
  <system-out>
    <![CDATA[TC1 is running]]>
  </system-out>
</testsuite> <!-- testNG_HardAsserts.AssertEquals_Study -->
