<?xml version="1.0" encoding="UTF-8"?>
<!-- Generated by org.testng.reporters.JUnitReportReporter -->
<testsuite hostname="DESKTOP-GB9HLB2" failures="0" tests="1" name="testNG.Annotation_Practice" time="0.016" errors="0" timestamp="2022-12-26T14:34:42 IST" skipped="0">
  <testcase classname="testNG.Annotation_Practice" name="changeProfilePictureOnFB" time="0.016"/>
  <system-out>
    <![CDATA[Change profile picture]]>
  </system-out>
</testsuite> <!-- testNG.Annotation_Practice -->
