<?xml version="1.0" encoding="UTF-8"?>
<!-- Generated by org.testng.reporters.JUnitReportReporter -->
<testsuite hostname="DESKTOP-GB9HLB2" failures="0" tests="1" name="testNG_SoftAssert.equalAssert_Study" time="0.060" errors="0" timestamp="2023-01-09T10:10:18 IST" skipped="0">
  <testcase classname="testNG_SoftAssert.equalAssert_Study" name="TestCase1" time="0.060"/>
  <system-out>
    <![CDATA[TestCase1 is running]]>
  </system-out>
</testsuite> <!-- testNG_SoftAssert.equalAssert_Study -->
