<?xml version="1.0" encoding="UTF-8"?>
<!-- Generated by org.testng.reporters.JUnitReportReporter -->
<testsuite hostname="DESKTOP-GB9HLB2" failures="0" tests="1" name="testNG_SerialParallel_Exexution.TestCase2" time="31.761" errors="0" timestamp="2023-01-11T13:13:08 IST" skipped="0">
  <testcase classname="testNG_SerialParallel_Exexution.TestCase2" name="googleLogin" time="31.761"/>
  <system-out>
    <![CDATA[google Launching]]>
  </system-out>
</testsuite> <!-- testNG_SerialParallel_Exexution.TestCase2 -->
